<?xml version="1.0" encoding="UTF-8"?>
<testng-results ignored="0" total="2" passed="2" failed="0" skipped="0">
  <reporter-output>
  </reporter-output>
  <suite started-at="2024-03-14T11:13:59 IST" name="Default suite" finished-at="2024-03-14T11:14:19 IST" duration-ms="19930">
    <groups>
    </groups>
    <test started-at="2024-03-14T11:13:59 IST" name="Default test" finished-at="2024-03-14T11:14:19 IST" duration-ms="19930">
      <class name="sikuliclass.Scrolldown">
        <test-method is-config="true" signature="beforeTest()[pri:0, instance:sikuliclass.Scrolldown@6253c26]" started-at="2024-03-14T11:13:59 IST" name="beforeTest" finished-at="2024-03-14T11:14:02 IST" duration-ms="3016" status="PASS">
          <reporter-output>
          </reporter-output>
        </test-method> <!-- beforeTest -->
        <test-method signature="scrolldown()[pri:0, instance:sikuliclass.Scrolldown@6253c26]" started-at="2024-03-14T11:14:02 IST" name="scrolldown" finished-at="2024-03-14T11:14:13 IST" duration-ms="10710" status="PASS">
          <reporter-output>
          </reporter-output>
        </test-method> <!-- scrolldown -->
        <test-method signature="scrollup()[pri:0, instance:sikuliclass.Scrolldown@6253c26]" started-at="2024-03-14T11:14:13 IST" name="scrollup" finished-at="2024-03-14T11:14:19 IST" duration-ms="6040" status="PASS">
          <reporter-output>
          </reporter-output>
        </test-method> <!-- scrollup -->
      </class> <!-- sikuliclass.Scrolldown -->
    </test> <!-- Default test -->
  </suite> <!-- Default suite -->
</testng-results>
